<?xml version="1.0" encoding="UTF-8"?>
<!-- Generated by org.testng.reporters.JUnitReportReporter -->
<testsuite skipped="0" hostname="My-PC" name="selenium.windowhandlers" tests="1" failures="0" timestamp="2020-01-22T14:59:47 EST" time="23.590" errors="0">
  <testcase name="browserlaunch" time="23.590" classname="selenium.windowhandlers"/>
</testsuite> <!-- selenium.windowhandlers -->
