<?xml version="1.0" encoding="UTF-8"?>
<!-- Generated by org.testng.reporters.JUnitReportReporter -->
<testsuite skipped="0" hostname="My-PC" name="ReadExcelData.readDataFromConfig" tests="1" failures="0" timestamp="2020-01-24T12:54:42 EST" time="0.515" errors="0">
  <testcase name="callingdata" time="0.515" classname="ReadExcelData.readDataFromConfig"/>
</testsuite> <!-- ReadExcelData.readDataFromConfig -->
