<?xml version="1.0" encoding="UTF-8"?>
<!-- Generated by org.testng.reporters.JUnitReportReporter -->
<testsuite skipped="0" hostname="My-PC" name="TestNGPractise.sample3" tests="3" failures="0" timestamp="2020-02-17T15:08:48 EST" time="0.018" errors="0">
  <testcase name="Mul3" time="0.004" classname="TestNGPractise.sample3"/>
  <testcase name="sum3" time="0.003" classname="TestNGPractise.sample3"/>
  <testcase name="Div3" time="0.011" classname="TestNGPractise.sample3"/>
</testsuite> <!-- TestNGPractise.sample3 -->
