<?xml version="1.0" encoding="UTF-8"?>
<!-- Generated by org.testng.reporters.JUnitReportReporter -->
<testsuite skipped="0" hostname="My-PC" name="selenium.handleCalender" tests="1" failures="0" timestamp="2020-01-22T12:56:34 EST" time="36.404" errors="0">
  <testcase name="datepicker" time="36.404" classname="selenium.handleCalender"/>
</testsuite> <!-- selenium.handleCalender -->
