<?xml version="1.0" encoding="UTF-8"?>
<!-- Generated by org.testng.reporters.JUnitReportReporter -->
<testsuite skipped="0" hostname="My-PC" name="TestNG_Practise.invocationcount" tests="10" failures="0" timestamp="2019-10-23T14:53:46 EDT" time="0.031" errors="0">
  <testcase name="count" time="0.001" classname="TestNG_Practise.invocationcount"/>
  <testcase name="count" time="0.001" classname="TestNG_Practise.invocationcount"/>
  <testcase name="count" time="0.004" classname="TestNG_Practise.invocationcount"/>
  <testcase name="count" time="0.001" classname="TestNG_Practise.invocationcount"/>
  <testcase name="count" time="0.016" classname="TestNG_Practise.invocationcount"/>
  <testcase name="count" time="0.001" classname="TestNG_Practise.invocationcount"/>
  <testcase name="count" time="0.002" classname="TestNG_Practise.invocationcount"/>
  <testcase name="count" time="0.002" classname="TestNG_Practise.invocationcount"/>
  <testcase name="count" time="0.002" classname="TestNG_Practise.invocationcount"/>
  <testcase name="count" time="0.001" classname="TestNG_Practise.invocationcount"/>
</testsuite> <!-- TestNG_Practise.invocationcount -->
