<?xml version="1.0" encoding="UTF-8"?>
<!-- Generated by org.testng.reporters.JUnitReportReporter -->
<testsuite skipped="0" hostname="My-PC" name="selenium.authenticatepop" tests="1" failures="0" timestamp="2020-01-30T16:32:00 EST" time="14.110" errors="0">
  <testcase name="setup" time="14.110" classname="selenium.authenticatepop"/>
</testsuite> <!-- selenium.authenticatepop -->
