<?xml version="1.0" encoding="UTF-8"?>
<!-- Generated by org.testng.reporters.JUnitReportReporter -->
<testsuite skipped="0" hostname="My-PC" name="SeleniumAdvance.Calender" tests="1" failures="0" timestamp="2020-01-31T16:43:37 EST" time="55.423" errors="0">
  <testcase name="setup" time="55.423" classname="SeleniumAdvance.Calender"/>
</testsuite> <!-- SeleniumAdvance.Calender -->
