<?xml version="1.0" encoding="UTF-8"?>
<!-- Generated by org.testng.reporters.JUnitReportReporter -->
<testsuite skipped="0" hostname="My-PC" name="SeleniumAdvance.BootStrap" tests="1" failures="0" timestamp="2020-02-25T14:07:09 EST" time="63.629" errors="0">
  <testcase name="setup" time="63.629" classname="SeleniumAdvance.BootStrap"/>
</testsuite> <!-- SeleniumAdvance.BootStrap -->
