<?xml version="1.0" encoding="UTF-8"?>
<!-- Generated by org.testng.reporters.JUnitReportReporter -->
<testsuite skipped="0" hostname="My-PC" name="selenium.brokenlinks" tests="1" failures="0" timestamp="2020-01-21T11:25:21 EST" time="27.178" errors="0">
  <testcase name="LunchSetup" time="27.178" classname="selenium.brokenlinks"/>
</testsuite> <!-- selenium.brokenlinks -->
