<?xml version="1.0" encoding="UTF-8"?>
<!-- Generated by org.testng.reporters.JUnitReportReporter -->
<testsuite skipped="0" hostname="My-PC" name="TestNGPractise.sample1" tests="3" failures="0" timestamp="2020-02-17T15:08:48 EST" time="0.044" errors="0">
  <testcase name="sum" time="0.015" classname="TestNGPractise.sample1"/>
  <testcase name="Div" time="0.015" classname="TestNGPractise.sample1"/>
  <testcase name="Mul" time="0.014" classname="TestNGPractise.sample1"/>
</testsuite> <!-- TestNGPractise.sample1 -->
