<?xml version="1.0" encoding="UTF-8"?>
<!-- Generated by org.testng.reporters.JUnitReportReporter -->
<testsuite skipped="0" hostname="My-PC" name="JavaScriptExecutor.javascriptexecutor" tests="1" failures="0" timestamp="2020-01-24T10:35:51 EST" time="10.802" errors="0">
  <testcase name="browserlaunch" time="10.802" classname="JavaScriptExecutor.javascriptexecutor"/>
</testsuite> <!-- JavaScriptExecutor.javascriptexecutor -->
