<?xml version="1.0" encoding="UTF-8"?>
<!-- Generated by org.testng.reporters.JUnitReportReporter -->
<testsuite skipped="0" hostname="My-PC" name="SeleniumAdvance.WindowHandler" tests="1" failures="0" timestamp="2020-01-31T13:38:34 EST" time="17.180" errors="0">
  <testcase name="Setup" time="17.180" classname="SeleniumAdvance.WindowHandler"/>
</testsuite> <!-- SeleniumAdvance.WindowHandler -->
