<?xml version="1.0" encoding="UTF-8"?>
<!-- Generated by org.testng.reporters.JUnitReportReporter -->
<testsuite skipped="0" hostname="My-PC" name="ReadExcelData.readalldatafromexcel" tests="1" failures="0" timestamp="2020-01-24T12:34:24 EST" time="0.512" errors="0">
  <testcase name="setup" time="0.512" classname="ReadExcelData.readalldatafromexcel"/>
</testsuite> <!-- ReadExcelData.readalldatafromexcel -->
