<?xml version="1.0" encoding="UTF-8"?>
<!-- Generated by org.testng.reporters.JUnitReportReporter -->
<testsuite skipped="0" hostname="My-PC" name="JavaScriptExecutor.HighLightElement" tests="2" failures="0" timestamp="2020-01-21T13:08:25 EST" time="19.336" errors="0">
  <testcase name="browserlaunch" time="18.503" classname="JavaScriptExecutor.HighLightElement"/>
  <testcase name="teardown" time="0.833" classname="JavaScriptExecutor.HighLightElement"/>
</testsuite> <!-- JavaScriptExecutor.HighLightElement -->
