<?xml version="1.0" encoding="UTF-8"?>
<!-- Generated by org.testng.reporters.JUnitReportReporter -->
<testsuite skipped="0" hostname="My-PC" name="webtables.webtable" tests="1" failures="0" timestamp="2020-02-20T15:23:56 EST" time="179.949" errors="0">
  <testcase name="launch" time="179.949" classname="webtables.webtable"/>
</testsuite> <!-- webtables.webtable -->
