<?xml version="1.0" encoding="UTF-8"?>
<!-- Generated by org.testng.reporters.JUnitReportReporter -->
<testsuite skipped="0" hostname="My-PC" name="popups" tests="1" failures="0" timestamp="2020-01-21T11:45:54 EST" time="16.025" errors="0">
  <testcase name="handlePopup" time="16.025" classname="popups"/>
</testsuite> <!-- popups -->
