<?xml version="1.0" encoding="UTF-8"?>
<!-- Generated by org.testng.reporters.JUnitReportReporter -->
<testsuite skipped="0" hostname="My-PC" name="dataprovider_utility.SCrolltoView" tests="2" failures="0" timestamp="2020-01-21T12:14:35 EST" time="23.485" errors="0">
  <testcase name="browserlaunch" time="22.659" classname="dataprovider_utility.SCrolltoView"/>
  <testcase name="teardown" time="0.826" classname="dataprovider_utility.SCrolltoView"/>
</testsuite> <!-- dataprovider_utility.SCrolltoView -->
