<?xml version="1.0" encoding="UTF-8"?>
<!-- Generated by org.testng.reporters.JUnitReportReporter -->
<testsuite skipped="0" hostname="My-PC" name="TestNgprC2.sample1" tests="3" failures="0" timestamp="2020-02-17T15:08:48 EST" time="0.006" errors="0">
  <testcase name="Mul" time="0.002" classname="TestNgprC2.sample1"/>
  <testcase name="sum" time="0.001" classname="TestNgprC2.sample1"/>
  <testcase name="Div" time="0.003" classname="TestNgprC2.sample1"/>
</testsuite> <!-- TestNgprC2.sample1 -->
